Arguments: 
  /usr/local/bin/node /usr/local/Cellar/yarn/1.22.4/libexec/bin/yarn.js create react-app apps/sample-react-client

PATH: 
  /Users/kauppjo/.rvm/gems/ruby-2.7.0/bin:/Users/kauppjo/.rvm/gems/ruby-2.7.0@global/bin:/Users/kauppjo/.rvm/rubies/ruby-2.7.0/bin:/usr/local/Caskroom/terraform-0.14.4/0.14.4:/Users/kauppjo/Library/Android/sdk/tools:/Users/kauppjo/Library/Android/sdk/platform-tools:/usr/local/bin:/usr/bin:/bin:/usr/sbin:/sbin:/Library/Apple/usr/bin:/Users/kauppjo/.rvm/gems/ruby-2.7.0/bin:/Users/kauppjo/.rvm/gems/ruby-2.7.0@global/bin:/Users/kauppjo/.rvm/rubies/ruby-2.7.0/bin:/Users/kauppjo/Library/Android/sdk/tools:/Users/kauppjo/Library/Android/sdk/platform-tools:/Users/kauppjo/.rvm/bin:/Users/kauppjo/yle-aws-tools/bin:/Users/kauppjo/.rvm/bin:/Users/kauppjo/yle-aws-tools/bin

Yarn version: 
  1.22.4

Node version: 
  14.17.0

Platform: 
  darwin x64

Trace: 
  SyntaxError: /Users/kauppjo/Documents/Programming/learning-monorepo/package.json: Unexpected token } in JSON at position 264
      at JSON.parse (<anonymous>)
      at /usr/local/Cellar/yarn/1.22.4/libexec/lib/cli.js:1625:59
      at Generator.next (<anonymous>)
      at step (/usr/local/Cellar/yarn/1.22.4/libexec/lib/cli.js:310:30)
      at /usr/local/Cellar/yarn/1.22.4/libexec/lib/cli.js:321:13

npm manifest: 
  {
     "private": true,
     "name": "example-monorepo",
     "workspaces": [
        "packages/*",
        "apps/*"
     ],
     "scripts": {},
     "description": "Monorepo development testing.",
     "main": "index.js",
     "author": "Joonas Kauppinen <joonas.kauppinen@yle.fi>",
  }

yarn manifest: 
  No manifest

Lockfile: 
  No lockfile
